Validating found git in: git
Using git 2.25.1 from git
Opening repository for path='/home/coder' failed; ex=Failed to execute git {
  "exitCode": 128,
  "gitErrorCode": "NotAGitRepository",
  "gitCommand": "rev-parse",
  "stdout": "",
  "stderr": "fatal: not a git repository (or any parent up to mount point /home)\nStopping at filesystem boundary (GIT_DISCOVERY_ACROSS_FILESYSTEM not set).\n"
}
Opening repository for path='/home/coder/.ICEauthority' failed; ex=Error: spawn ENOTDIR
Opening repository for path='/home/coder/.Xauthority' failed; ex=Error: spawn ENOTDIR
Opening repository for path='/home/coder/.basecamp' failed; ex=Failed to execute git {
  "exitCode": 128,
  "gitErrorCode": "NotAGitRepository",
  "gitCommand": "rev-parse",
  "stdout": "",
  "stderr": "fatal: not a git repository (or any parent up to mount point /home)\nStopping at filesystem boundary (GIT_DISCOVERY_ACROSS_FILESYSTEM not set).\n"
}
Opening repository for path='/home/coder/.cache' failed; ex=Failed to execute git {
  "exitCode": 128,
  "gitErrorCode": "NotAGitRepository",
  "gitCommand": "rev-parse",
  "stdout": "",
  "stderr": "fatal: not a git repository (or any parent up to mount point /home)\nStopping at filesystem boundary (GIT_DISCOVERY_ACROSS_FILESYSTEM not set).\n"
}
Opening repository for path='/home/coder/.config' failed; ex=Failed to execute git {
  "exitCode": 128,
  "gitErrorCode": "NotAGitRepository",
  "gitCommand": "rev-parse",
  "stdout": "",
  "stderr": "fatal: not a git repository (or any parent up to mount point /home)\nStopping at filesystem boundary (GIT_DISCOVERY_ACROSS_FILESYSTEM not set).\n"
}
Opening repository for path='/home/coder/.dbus' failed; ex=Failed to execute git {
  "exitCode": 128,
  "gitErrorCode": "NotAGitRepository",
  "gitCommand": "rev-parse",
  "stdout": "",
  "stderr": "fatal: not a git repository (or any parent up to mount point /home)\nStopping at filesystem boundary (GIT_DISCOVERY_ACROSS_FILESYSTEM not set).\n"
}
Opening repository for path='/home/coder/.gnupg' failed; ex=Failed to execute git {
  "exitCode": 128,
  "gitErrorCode": "NotAGitRepository",
  "gitCommand": "rev-parse",
  "stdout": "",
  "stderr": "fatal: not a git repository (or any parent up to mount point /home)\nStopping at filesystem boundary (GIT_DISCOVERY_ACROSS_FILESYSTEM not set).\n"
}
Opening repository for path='/home/coder/.local' failed; ex=Failed to execute git {
  "exitCode": 128,
  "gitErrorCode": "NotAGitRepository",
  "gitCommand": "rev-parse",
  "stdout": "",
  "stderr": "fatal: not a git repository (or any parent up to mount point /home)\nStopping at filesystem boundary (GIT_DISCOVERY_ACROSS_FILESYSTEM not set).\n"
}
Opening repository for path='/home/coder/.ssh' failed; ex=Failed to execute git {
  "exitCode": 128,
  "gitErrorCode": "NotAGitRepository",
  "gitCommand": "rev-parse",
  "stdout": "",
  "stderr": "fatal: not a git repository (or any parent up to mount point /home)\nStopping at filesystem boundary (GIT_DISCOVERY_ACROSS_FILESYSTEM not set).\n"
}
Opening repository for path='/home/coder/.vnc' failed; ex=Failed to execute git {
  "exitCode": 128,
  "gitErrorCode": "NotAGitRepository",
  "gitCommand": "rev-parse",
  "stdout": "",
  "stderr": "fatal: not a git repository (or any parent up to mount point /home)\nStopping at filesystem boundary (GIT_DISCOVERY_ACROSS_FILESYSTEM not set).\n"
}
Opening repository for path='/home/coder/.vscode' failed; ex=Failed to execute git {
  "exitCode": 128,
  "gitErrorCode": "NotAGitRepository",
  "gitCommand": "rev-parse",
  "stdout": "",
  "stderr": "fatal: not a git repository (or any parent up to mount point /home)\nStopping at filesystem boundary (GIT_DISCOVERY_ACROSS_FILESYSTEM not set).\n"
}
Opening repository for path='/home/coder/.vscode-oss' failed; ex=Failed to execute git {
  "exitCode": 128,
  "gitErrorCode": "NotAGitRepository",
  "gitCommand": "rev-parse",
  "stdout": "",
  "stderr": "fatal: not a git repository (or any parent up to mount point /home)\nStopping at filesystem boundary (GIT_DISCOVERY_ACROSS_FILESYSTEM not set).\n"
}
Opening repository for path='/home/coder/.xsession-errors' failed; ex=Error: spawn ENOTDIR
Opening repository for path='/home/coder/Desktop' failed; ex=Failed to execute git {
  "exitCode": 128,
  "gitErrorCode": "NotAGitRepository",
  "gitCommand": "rev-parse",
  "stdout": "",
  "stderr": "fatal: not a git repository (or any parent up to mount point /home)\nStopping at filesystem boundary (GIT_DISCOVERY_ACROSS_FILESYSTEM not set).\n"
}
Opening repository for path='/home/coder/Documents' failed; ex=Failed to execute git {
  "exitCode": 128,
  "gitErrorCode": "NotAGitRepository",
  "gitCommand": "rev-parse",
  "stdout": "",
  "stderr": "fatal: not a git repository (or any parent up to mount point /home)\nStopping at filesystem boundary (GIT_DISCOVERY_ACROSS_FILESYSTEM not set).\n"
}
Opening repository for path='/home/coder/Downloads' failed; ex=Failed to execute git {
  "exitCode": 128,
  "gitErrorCode": "NotAGitRepository",
  "gitCommand": "rev-parse",
  "stdout": "",
  "stderr": "fatal: not a git repository (or any parent up to mount point /home)\nStopping at filesystem boundary (GIT_DISCOVERY_ACROSS_FILESYSTEM not set).\n"
}
Opening repository for path='/home/coder/Music' failed; ex=Failed to execute git {
  "exitCode": 128,
  "gitErrorCode": "NotAGitRepository",
  "gitCommand": "rev-parse",
  "stdout": "",
  "stderr": "fatal: not a git repository (or any parent up to mount point /home)\nStopping at filesystem boundary (GIT_DISCOVERY_ACROSS_FILESYSTEM not set).\n"
}
Opening repository for path='/home/coder/Pictures' failed; ex=Failed to execute git {
  "exitCode": 128,
  "gitErrorCode": "NotAGitRepository",
  "gitCommand": "rev-parse",
  "stdout": "",
  "stderr": "fatal: not a git repository (or any parent up to mount point /home)\nStopping at filesystem boundary (GIT_DISCOVERY_ACROSS_FILESYSTEM not set).\n"
}
Opening repository for path='/home/coder/Public' failed; ex=Failed to execute git {
  "exitCode": 128,
  "gitErrorCode": "NotAGitRepository",
  "gitCommand": "rev-parse",
  "stdout": "",
  "stderr": "fatal: not a git repository (or any parent up to mount point /home)\nStopping at filesystem boundary (GIT_DISCOVERY_ACROSS_FILESYSTEM not set).\n"
}
Opening repository for path='/home/coder/Templates' failed; ex=Failed to execute git {
  "exitCode": 128,
  "gitErrorCode": "NotAGitRepository",
  "gitCommand": "rev-parse",
  "stdout": "",
  "stderr": "fatal: not a git repository (or any parent up to mount point /home)\nStopping at filesystem boundary (GIT_DISCOVERY_ACROSS_FILESYSTEM not set).\n"
}
Opening repository for path='/home/coder/Videos' failed; ex=Failed to execute git {
  "exitCode": 128,
  "gitErrorCode": "NotAGitRepository",
  "gitCommand": "rev-parse",
  "stdout": "",
  "stderr": "fatal: not a git repository (or any parent up to mount point /home)\nStopping at filesystem boundary (GIT_DISCOVERY_ACROSS_FILESYSTEM not set).\n"
}
Opening repository for path='/home/coder/.ssh' failed; ex=Failed to execute git {
  "exitCode": 128,
  "gitErrorCode": "NotAGitRepository",
  "gitCommand": "rev-parse",
  "stdout": "",
  "stderr": "fatal: not a git repository (or any parent up to mount point /home)\nStopping at filesystem boundary (GIT_DISCOVERY_ACROSS_FILESYSTEM not set).\n"
}
Opening repository for path='/home/coder' failed; ex=Failed to execute git {
  "exitCode": 128,
  "gitErrorCode": "NotAGitRepository",
  "gitCommand": "rev-parse",
  "stdout": "",
  "stderr": "fatal: not a git repository (or any parent up to mount point /home)\nStopping at filesystem boundary (GIT_DISCOVERY_ACROSS_FILESYSTEM not set).\n"
}
> git init
> git init
> git init
> git init
> git init
> git rev-parse --git-dir
Failed to watch '/home/coder/.git', reverting to legacy API file watched. Some events might be lost.
Error: EMFILE: too many open files, watch '/home/coder/.git'
	at FSWatcher.<computed> (internal/fs/watchers.js:218:26)
	at Object.watch (fs.js:1582:34)
	at t.watch (/usr/lib/code-server/vendor/modules/code-oss-dev/extensions/git/dist/main.js:2:1017477)
	at new R (/usr/lib/code-server/vendor/modules/code-oss-dev/extensions/git/dist/main.js:2:971384)
	at new P (/usr/lib/code-server/vendor/modules/code-oss-dev/extensions/git/dist/main.js:2:975446)
	at g.openRepository (/usr/lib/code-server/vendor/modules/code-oss-dev/extensions/git/dist/main.js:2:956252)
	at runMicrotasks (<anonymous>)
	at processTicksAndRejections (internal/process/task_queues.js:95:5)
	at async i (/usr/lib/code-server/vendor/modules/code-oss-dev/extensions/git/dist/main.js:2:910385)
	at async /usr/lib/code-server/vendor/modules/code-oss-dev/extensions/git/dist/main.js:2:955670
	at async Promise.all (index 0)
	at async g.onDidChangeVisibleTextEditors (/usr/lib/code-server/vendor/modules/code-oss-dev/extensions/git/dist/main.js:2:955569)
Open repository: /home/coder
> git status -z -u
> git symbolic-ref --short HEAD
> git for-each-ref --format=%(refname)%00%(upstream:short)%00%(objectname)%00%(upstream:track) refs/heads/master refs/remotes/master
> git for-each-ref --sort -committerdate --format %(refname) %(objectname) %(*objectname)
> git remote --verbose
> git config --get commit.template
> git check-ignore -v -z --stdin
> git show --textconv :.ssh/id_ecdsa.pub
> git ls-files --stage -- /home/coder/.ssh/id_ecdsa.pub
> git check-ignore -v -z --stdin
> git show --textconv :README.md
> git ls-files --stage -- /home/coder/README.md
> git cat-file -s 88bc6cfe500e34f830e3878f5052eb81bb728a5a
> git check-ignore -v -z --stdin
> git show --textconv :.ssh/id_ecdsa.pub
> git ls-files --stage -- /home/coder/.ssh/id_ecdsa.pub
> git show --textconv :README.md
> git ls-files --stage -- /home/coder/README.md
> git cat-file -s 88bc6cfe500e34f830e3878f5052eb81bb728a5a
> git show --textconv :README.md
> git ls-files --stage -- /home/coder/README.md
> git cat-file -s 88bc6cfe500e34f830e3878f5052eb81bb728a5a
> git show --textconv HEAD:.basecamp/basecamp
> git ls-tree -l HEAD -- /home/coder/.basecamp/basecamp
fatal: Not a valid object name HEAD
> git ls-tree -l HEAD -- /home/coder/.basecamp/basecamp
fatal: Not a valid object name HEAD
> git show --textconv HEAD:.config/dconf/.nfs000000000fef832e00000ebf
> git ls-tree -l HEAD -- /home/coder/.config/dconf/.nfs000000000fef832e00000ebf
fatal: Not a valid object name HEAD
> git ls-tree -l HEAD -- /home/coder/.config/dconf/.nfs000000000fef832e00000ebf
fatal: Not a valid object name HEAD
> git show --textconv HEAD:.config/dconf/.nfs000000000fef832f00000ec1
> git ls-tree -l HEAD -- /home/coder/.config/dconf/.nfs000000000fef832f00000ec1
fatal: Not a valid object name HEAD
> git ls-tree -l HEAD -- /home/coder/.config/dconf/.nfs000000000fef832f00000ec1
fatal: Not a valid object name HEAD
> git ls-tree -l HEAD -- /home/coder/.config/dconf/.nfs000000000fef832f00000ec1
fatal: Not a valid object name HEAD
> git show --textconv HEAD:README.md
> git show --textconv :README.md
> git ls-tree -l HEAD -- /home/coder/README.md
> git ls-files --stage -- /home/coder/README.md
fatal: Not a valid object name HEAD
> git cat-file -s 88bc6cfe500e34f830e3878f5052eb81bb728a5a
> git check-ignore -v -z --stdin
> git show --textconv :README.md
> git ls-files --stage -- /home/coder/README.md
> git cat-file -s 88bc6cfe500e34f830e3878f5052eb81bb728a5a
> git show --textconv HEAD:README.md
> git show --textconv :README.md
> git ls-tree -l HEAD -- /home/coder/README.md
> git ls-files --stage -- /home/coder/README.md
fatal: Not a valid object name HEAD
> git cat-file -s 88bc6cfe500e34f830e3878f5052eb81bb728a5a
> git ls-tree -l HEAD -- /home/coder/README.md
> git ls-files --stage -- /home/coder/README.md
fatal: Not a valid object name HEAD
> git cat-file -s 88bc6cfe500e34f830e3878f5052eb81bb728a5a
> git ls-tree -l HEAD -- /home/coder/README.md
> git ls-files --stage -- /home/coder/README.md
fatal: Not a valid object name HEAD
> git cat-file -s 88bc6cfe500e34f830e3878f5052eb81bb728a5a
> git ls-tree -l HEAD -- /home/coder/README.md
> git ls-files --stage -- /home/coder/README.md
fatal: Not a valid object name HEAD
> git cat-file -s 88bc6cfe500e34f830e3878f5052eb81bb728a5a
> git ls-tree -l HEAD -- /home/coder/README.md
> git ls-files --stage -- /home/coder/README.md
fatal: Not a valid object name HEAD
> git cat-file -s 88bc6cfe500e34f830e3878f5052eb81bb728a5a
> git log --format=%H%n%aN%n%aE%n%at%n%ct%n%P%n%B -z -n21 -- /home/coder/README.md
fatal: your current branch 'master' does not have any commits yet
> git check-ignore -v -z --stdin
> git ls-tree -l HEAD -- /home/coder/README.md
> git ls-files --stage -- /home/coder/README.md
fatal: Not a valid object name HEAD
> git cat-file -s 88bc6cfe500e34f830e3878f5052eb81bb728a5a
> git log --format=%H%n%aN%n%aE%n%at%n%ct%n%P%n%B -z -n21 -- /home/coder/README.md
fatal: your current branch 'master' does not have any commits yet
> git add -A -- /home/coder/.ICEauthority /home/coder/.Xauthority /home/coder/.basecamp/basecamp /home/coder/.cache/dconf/.nfs000000000fef832200000ebe /home/coder/.cache/dconf/.nfs000000000fef832c00000ec0 /home/coder/.cache/dconf/.nfs000000000fef834900000ec2 /home/coder/.cache/dconf/user /home/coder/.cache/gstreamer-1.0/registry.x86_64.bin /home/coder/.cache/gvfs-metadata/.nfs000000000fef835800000ec6 /home/coder/.cache/gvfs-metadata/.nfs000000000fef835800000ec8 /home/coder/.cache/gvfs-metadata/.nfs000000000fef837e00000ecb /home/coder/.cache/gvfs-metadata/home-227dc916.log /home/coder/.cache/mesa_shader_cache/index /home/coder/.config/Thunar/uca.xml /home/coder/.config/VSCodium/CachedExtensionVSIXs/kube.42header-0.42.9 /home/coder/.config/VSCodium/logs/20220607T141645/cli.log /home/coder/.config/VSCodium/machineid /home/coder/.config/bg.jpg /home/coder/.config/code-server/config.yaml /home/coder/.config/dconf/.nfs000000000fef832e00000ebf /home/coder/.config/dconf/.nfs000000000fef832f00000ec1 /home/coder/.config/dconf/user /home/coder/.config/evolution/sources/system-proxy.source /home/coder/.config/pulse/5e09e5f3a5e94562911c4eb3fd4b1e75-runtime /home/coder/.config/user-dirs.dirs /home/coder/.config/user-dirs.locale /home/coder/.config/xfce4/desktop/icons.screen.latest.rc /home/coder/.config/xfce4/desktop/icons.screen0-1264x977.rc /home/coder/.config/xfce4/xfconf/xfce-perchannel-xml/displays.xml /home/coder/.config/xfce4/xfconf/xfce-perchannel-xml/thunar.xml /home/coder/.config/xfce4/xfconf/xfce-perchannel-xml/xfce4-desktop.xml /home/coder/.config/xfce4/xfconf/xfce-perchannel-xml/xfce4-keyboard-shortcuts.xml /home/coder/.config/xfce4/xfconf/xfce-perchannel-xml/xfce4-panel.xml /home/coder/.config/xfce4/xfconf/xfce-perchannel-xml/xfwm4.xml /home/coder/.config/xfce4/xfconf/xfce-perchannel-xml/xsettings.xml /home/coder/.dbus/session-bus/5e09e5f3a5e94562911c4eb3fd4b1e75-1 /home/coder/.gitconfig /home/coder/.local/share/code-server/CachedExtensionVSIXs/kube.42header-0.42.9 /home/coder/.local/share/code-server/User/customBuiltinExtensionsCache.json /home/coder/.local/share/code-server/User/workspaceStorage/-690b240e/meta.json /home/coder/.local/share/code-server/User/workspaceStorage/-690b240e/vscode.lock /home/coder/.local/share/code-server/coder-logs/code-server-stderr.log /home/coder/.local/share/code-server/coder-logs/code-server-stdout.log /home/coder/.local/share/code-server/coder.json /home/coder/.local/share/code-server/extensions/kube.42header-0.42.9/.vsixmanifest /home/coder/.local/share/code-server/extensions/kube.42header-0.42.9/42.png /home/coder/.local/share/code-server/extensions/kube.42header-0.42.9/LICENSE.txt /home/coder/.local/share/code-server/extensions/kube.42header-0.42.9/README.md /home/coder/.local/share/code-server/extensions/kube.42header-0.42.9/node_modules/moment/CHANGELOG.md /home/coder/.local/share/code-server/extensions/kube.42header-0.42.9/node_modules/moment/LICENSE /home/coder/.local/share/code-server/extensions/kube.42header-0.42.9/node_modules/moment/README.md /home/coder/.local/share/code-server/extensions/kube.42header-0.42.9/node_modules/moment/ender.js /home/coder/.local/share/code-server/extensions/kube.42header-0.42.9/node_modules/moment/locale/af.js /home/coder/.local/share/code-server/extensions/kube.42header-0.42.9/node_modules/moment/locale/ar-dz.js /home/coder/.local/share/code-server/extensions/kube.42header-0.42.9/node_modules/moment/locale/ar-ly.js /home/coder/.local/share/code-server/extensions/kube.42header-0.42.9/node_modules/moment/locale/ar-ma.js /home/coder/.local/share/code-server/extensions/kube.42header-0.42.9/node_modules/moment/locale/ar-sa.js /home/coder/.local/share/code-server/extensions/kube.42header-0.42.9/node_modules/moment/locale/ar-tn.js /home/coder/.local/share/code-server/extensions/kube.42header-0.42.9/node_modules/moment/locale/ar.js /home/coder/.local/share/code-server/extensions/kube.42header-0.42.9/node_modules/moment/locale/az.js /home/coder/.local/share/code-server/extensions/kube.42header-0.42.9/node_modules/moment/locale/be.js /home/coder/.local/share/code-server/extensions/kube.42header-0.42.9/node_modules/moment/locale/bg.js /home/coder/.local/share/code-server/extensions/kube.42header-0.42.9/node_modules/moment/locale/bn.js /home/coder/.local/share/code-server/extensions/kube.42header-0.42.9/node_modules/moment/locale/bo.js /home/coder/.local/share/code-server/extensions/kube.42header-0.42.9/node_modules/moment/locale/br.js /home/coder/.local/share/code-server/extensions/kube.42header-0.42.9/node_modules/moment/locale/bs.js /home/coder/.local/share/code-server/extensions/kube.42header-0.42.9/node_modules/moment/locale/ca.js /home/coder/.local/share/code-server/extensions/kube.42header-0.42.9/node_modules/moment/locale/cs.js /home/coder/.local/share/code-server/extensions/kube.42header-0.42.9/node_modules/moment/locale/cv.js /home/coder/.local/share/code-server/extensions/kube.42header-0.42.9/node_modules/moment/locale/cy.js /home/coder/.local/share/code-server/extensions/kube.42header-0.42.9/node_modules/moment/locale/da.js /home/coder/.local/share/code-server/extensions/kube.42header-0.42.9/node_modules/moment/locale/de-at.js /home/coder/.local/share/code-server/extensions/kube.42header-0.42.9/node_modules/moment/locale/de.js /home/coder/.local/share/code-server/extensions/kube.42header-0.42.9/node_modules/moment/locale/dv.js /home/coder/.local/share/code-server/extensions/kube.42header-0.42.9/node_modules/moment/locale/el.js /home/coder/.local/share/code-server/extensions/kube.42header-0.42.9/node_modules/moment/locale/en-au.js /home/coder/.local/share/code-server/extensions/kube.42header-0.42.9/node_modules/moment/locale/en-ca.js /home/coder/.local/share/code-server/extensions/kube.42header-0.42.9/node_modules/moment/locale/en-gb.js /home/coder/.local/share/code-server/extensions/kube.42header-0.42.9/node_modules/moment/locale/en-ie.js /home/coder/.local/share/code-server/extensions/kube.42header-0.42.9/node_modules/moment/locale/en-nz.js /home/coder/.local/share/code-server/extensions/kube.42header-0.42.9/node_modules/moment/locale/eo.js /home/coder/.local/share/code-server/extensions/kube.42header-0.42.9/node_modules/moment/locale/es-do.js /home/coder/.local/share/code-server/extensions/kube.42header-0.42.9/node_modules/moment/locale/es.js /home/coder/.local/share/code-server/extensions/kube.42header-0.42.9/node_modules/moment/locale/et.js /home/coder/.local/share/code-server/extensions/kube.42header-0.42.9/node_modules/moment/locale/eu.js /home/coder/.local/share/code-server/extensions/kube.42header-0.42.9/node_modules/moment/locale/fa.js /home/coder/.local/share/code-server/extensions/kube.42header-0.42.9/node_modules/moment/locale/fi.js /home/coder/.local/share/code-server/extensions/kube.42header-0.42.9/node_modules/moment/locale/fo.js /home/coder/.local/share/code-server/extensions/kube.42header-0.42.9/node_modules/moment/locale/fr-ca.js /home/coder/.local/share/code-server/extensions/kube.42header-0.42.9/node_modules/moment/locale/fr-ch.js /home/coder/.local/share/code-server/extensions/kube.42header-0.42.9/node_modules/moment/locale/fr.js /home/coder/.local/share/code-server/extensions/kube.42header-0.42.9/node_modules/moment/locale/fy.js /home/coder/.local/share/code-server/extensions/kube.42header-0.42.9/node_modules/moment/locale/gd.js /home/coder/.local/share/code-server/extensions/kube.42header-0.42.9/node_modules/moment/locale/gl.js /home/coder/.local/share/code-server/extensions/kube.42header-0.42.9/node_modules/moment/locale/he.js /home/coder/.local/share/code-server/extensions/kube.42header-0.42.9/node_modules/moment/locale/hi.js /home/coder/.local/share/code-server/extensions/kube.42header-0.42.9/node_modules/moment/locale/hr.js /home/coder/.local/share/code-server/extensions/kube.42header-0.42.9/node_modules/moment/locale/hu.js /home/coder/.local/share/code-server/extensions/kube.42header-0.42.9/node_modules/moment/locale/hy-am.js /home/coder/.local/share/code-server/extensions/kube.42header-0.42.9/node_modules/moment/locale/id.js /home/coder/.local/share/code-server/extensions/kube.42header-0.42.9/node_modules/moment/locale/is.js /home/coder/.local/share/code-server/extensions/kube.42header-0.42.9/node_modules/moment/locale/it.js /home/coder/.local/share/code-server/extensions/kube.42header-0.42.9/node_modules/moment/locale/ja.js /home/coder/.local/share/code-server/extensions/kube.42header-0.42.9/node_modules/moment/locale/jv.js /home/coder/.local/share/code-server/extensions/kube.42header-0.42.9/node_modules/moment/locale/ka.js /home/coder/.local/share/code-server/extensions/kube.42header-0.42.9/node_modules/moment/locale/kk.js /home/coder/.local/share/code-server/extensions/kube.42header-0.42.9/node_modules/moment/locale/km.js /home/coder/.local/share/code-server/extensions/kube.42header-0.42.9/node_modules/moment/locale/ko.js /home/coder/.local/share/code-server/extensions/kube.42header-0.42.9/node_modules/moment/locale/ky.js /home/coder/.local/share/code-server/extensions/kube.42header-0.42.9/node_modules/moment/locale/lb.js /home/coder/.local/share/code-server/extensions/kube.42header-0.42.9/node_modules/moment/locale/lo.js /home/coder/.local/share/code-server/extensions/kube.42header-0.42.9/node_modules/moment/locale/lt.js /home/coder/.local/share/code-server/extensions/kube.42header-0.42.9/node_modules/moment/locale/lv.js /home/coder/.local/share/code-server/extensions/kube.42header-0.42.9/node_modules/moment/locale/me.js /home/coder/.local/share/code-server/extensions/kube.42header-0.42.9/node_modules/moment/locale/mi.js /home/coder/.local/share/code-server/extensions/kube.42header-0.42.9/node_modules/moment/locale/mk.js /home/coder/.local/share/code-server/extensions/kube.42header-0.42.9/node_modules/moment/locale/ml.js /home/coder/.local/share/code-server/extensions/kube.42header-0.42.9/node_modules/moment/locale/mr.js /home/coder/.local/share/code-server/extensions/kube.42header-0.42.9/node_modules/moment/locale/ms-my.js /home/coder/.local/share/code-server/extensions/kube.42header-0.42.9/node_modules/moment/locale/ms.js /home/coder/.local/share/code-server/extensions/kube.42header-0.42.9/node_modules/moment/locale/my.js /home/coder/.local/share/code-server/extensions/kube.42header-0.42.9/node_modules/moment/locale/nb.js /home/coder/.local/share/code-server/extensions/kube.42header-0.42.9/node_modules/moment/locale/ne.js /home/coder/.local/share/code-server/extensions/kube.42header-0.42.9/node_modules/moment/locale/nl-be.js /home/coder/.local/share/code-server/extensions/kube.42header-0.42.9/node_modules/moment/locale/nl.js /home/coder/.local/share/code-server/extensions/kube.42header-0.42.9/node_modules/moment/locale/nn.js /home/coder/.local/share/code-server/extensions/kube.42header-0.42.9/node_modules/moment/locale/pa-in.js /home/coder/.local/share/code-server/extensions/kube.42header-0.42.9/node_modules/moment/locale/pl.js /home/coder/.local/share/code-server/extensions/kube.42header-0.42.9/node_modules/moment/locale/pt-br.js /home/coder/.local/share/code-server/extensions/kube.42header-0.42.9/node_modules/moment/locale/pt.js /home/coder/.local/share/code-server/extensions/kube.42header-0.42.9/node_modules/moment/locale/ro.js /home/coder/.local/share/code-server/extensions/kube.42header-0.42.9/node_modules/moment/locale/ru.js /home/coder/.local/share/code-server/extensions/kube.42header-0.42.9/node_modules/moment/locale/se.js /home/coder/.local/share/code-server/extensions/kube.42header-0.42.9/node_modules/moment/locale/si.js /home/coder/.local/share/code-server/extensions/kube.42header-0.42.9/node_modules/moment/locale/sk.js /home/coder/.local/share/code-server/extensions/kube.42header-0.42.9/node_modules/moment/locale/sl.js /home/coder/.local/share/code-server/extensions/kube.42header-0.42.9/node_modules/moment/locale/sq.js /home/coder/.local/share/code-server/extensions/kube.42header-0.42.9/node_modules/moment/locale/sr-cyrl.js /home/coder/.local/share/code-server/extensions/kube.42header-0.42.9/node_modules/moment/locale/sr.js /home/coder/.local/share/code-server/extensions/kube.42header-0.42.9/node_modules/moment/locale/ss.js /home/coder/.local/share/code-server/extensions/kube.42header-0.42.9/node_modules/moment/locale/sv.js /home/coder/.local/share/code-server/extensions/kube.42header-0.42.9/node_modules/moment/locale/sw.js /home/coder/.local/share/code-server/extensions/kube.42header-0.42.9/node_modules/moment/locale/ta.js /home/coder/.local/share/code-server/extensions/kube.42header-0.42.9/node_modules/moment/locale/te.js /home/coder/.local/share/code-server/extensions/kube.42header-0.42.9/node_modules/moment/locale/tet.js /home/coder/.local/share/code-server/extensions/kube.42header-0.42.9/node_modules/moment/locale/th.js /home/coder/.local/share/code-server/extensions/kube.42header-0.42.9/node_modules/moment/locale/tl-ph.js /home/coder/.local/share/code-server/extensions/kube.42header-0.42.9/node_modules/moment/locale/tlh.js /home/coder/.local/share/code-server/extensions/kube.42header-0.42.9/node_modules/moment/locale/tr.js /home/coder/.local/share/code-server/extensions/kube.42header-0.42.9/node_modules/moment/locale/tzl.js /home/coder/.local/share/code-server/extensions/kube.42header-0.42.9/node_modules/moment/locale/tzm-latn.js /home/coder/.local/share/code-server/extensions/kube.42header-0.42.9/node_modules/moment/locale/tzm.js /home/coder/.local/share/code-server/extensions/kube.42header-0.42.9/node_modules/moment/locale/uk.js /home/coder/.local/share/code-server/extensions/kube.42header-0.42.9/node_modules/moment/locale/uz.js /home/coder/.local/share/code-server/extensions/kube.42header-0.42.9/node_modules/moment/locale/vi.js /home/coder/.local/share/code-server/extensions/kube.42header-0.42.9/node_modules/moment/locale/x-pseudo.js /home/coder/.local/share/code-server/extensions/kube.42header-0.42.9/node_modules/moment/locale/yo.js /home/coder/.local/share/code-server/extensions/kube.42header-0.42.9/node_modules/moment/locale/zh-cn.js /home/coder/.local/share/code-server/extensions/kube.42header-0.42.9/node_modules/moment/locale/zh-hk.js /home/coder/.local/share/code-server/extensions/kube.42header-0.42.9/node_modules/moment/locale/zh-tw.js /home/coder/.local/share/code-server/extensions/kube.42header-0.42.9/node_modules/moment/min/locales.js /home/coder/.local/share/code-server/extensions/kube.42header-0.42.9/node_modules/moment/min/locales.min.js /home/coder/.local/share/code-server/extensions/kube.42header-0.42.9/node_modules/moment/min/moment-with-locales.js /home/coder/.local/share/code-server/extensions/kube.42header-0.42.9/node_modules/moment/min/moment-with-locales.min.js /home/coder/.local/share/code-server/extensions/kube.42header-0.42.9/node_modules/moment/min/moment.min.js /home/coder/.local/share/code-server/extensions/kube.42header-0.42.9/node_modules/moment/moment.d.ts /home/coder/.local/share/code-server/extensions/kube.42header-0.42.9/node_modules/moment/moment.js /home/coder/.local/share/code-server/extensions/kube.42header-0.42.9/node_modules/moment/package.js /home/coder/.local/share/code-server/extensions/kube.42header-0.42.9/node_modules/moment/package.json /home/coder/.local/share/code-server/extensions/kube.42header-0.42.9/node_modules/moment/src/lib/create/check-overflow.js /home/coder/.local/share/code-server/extensions/kube.42header-0.42.9/node_modules/moment/src/lib/create/date-from-array.js /home/coder/.local/share/code-server/extensions/kube.42header-0.42.9/node_modules/moment/src/lib/create/from-anything.js /home/coder/.local/share/code-server/extensions/kube.42header-0.42.9/node_modules/moment/src/lib/create/from-array.js /home/coder/.local/share/code-server/extensions/kube.42header-0.42.9/node_modules/moment/src/lib/create/from-object.js /home/coder/.local/share/code-server/extensions/kube.42header-0.42.9/node_modules/moment/src/lib/create/from-string-and-array.js /home/coder/.local/share/code-server/extensions/kube.42header-0.42.9/node_modules/moment/src/lib/create/from-string-and-format.js /home/coder/.local/share/code-server/extensions/kube.42header-0.42.9/node_modules/moment/src/lib/create/from-string.js /home/coder/.local/share/code-server/extensions/kube.42header-0.42.9/node_modules/moment/src/lib/create/local.js /home/coder/.local/share/code-server/extensions/kube.42header-0.42.9/node_modules/moment/src/lib/create/parsing-flags.js /home/coder/.local/share/code-server/extensions/kube.42header-0.42.9/node_modules/moment/src/lib/create/utc.js /home/coder/.local/share/code-server/extensions/kube.42header-0.42.9/node_modules/moment/src/lib/create/valid.js /home/coder/.local/share/code-server/extensions/kube.42header-0.42.9/node_modules/moment/src/lib/duration/abs.js /home/coder/.local/share/code-server/extensions/kube.42header-0.42.9/node_modules/moment/src/lib/duration/add-subtract.js /home/coder/.local/share/code-server/extensions/kube.42header-0.42.9/node_modules/moment/src/lib/duration/as.js /home/coder/.local/share/code-server/extensions/kube.42header-0.42.9/node_modules/moment/src/lib/duration/bubble.js /home/coder/.local/share/code-server/extensions/kube.42header-0.42.9/node_modules/moment/src/lib/duration/constructor.js /home/coder/.local/share/code-server/extensions/kube.42header-0.42.9/node_modules/moment/src/lib/duration/create.js /home/coder/.local/share/code-server/extensions/kube.42header-0.42.9/node_modules/moment/src/lib/duration/duration.js /home/coder/.local/share/code-server/extensions/kube.42header-0.42.9/node_modules/moment/src/lib/duration/get.js /home/coder/.local/share/code-server/extensions/kube.42header-0.42.9/node_modules/moment/src/lib/duration/humanize.js /home/coder/.local/share/code-server/extensions/kube.42header-0.42.9/node_modules/moment/src/lib/duration/iso-string.js /home/coder/.local/share/code-server/extensions/kube.42header-0.42.9/node_modules/moment/src/lib/duration/prototype.js /home/coder/.local/share/code-server/extensions/kube.42header-0.42.9/node_modules/moment/src/lib/format/format.js /home/coder/.local/share/code-server/extensions/kube.42header-0.42.9/node_modules/moment/src/lib/locale/base-config.js /home/coder/.local/share/code-server/extensions/kube.42header-0.42.9/node_modules/moment/src/lib/locale/calendar.js /home/coder/.local/share/code-server/extensions/kube.42header-0.42.9/node_modules/moment/src/lib/locale/constructor.js /home/coder/.local/share/code-server/extensions/kube.42header-0.42.9/node_modules/moment/src/lib/locale/en.js /home/coder/.local/share/code-server/extensions/kube.42header-0.42.9/node_modules/moment/src/lib/locale/formats.js /home/coder/.local/share/code-server/extensions/kube.42header-0.42.9/node_modules/moment/src/lib/locale/invalid.js /home/coder/.local/share/code-server/extensions/kube.42header-0.42.9/node_modules/moment/src/lib/locale/lists.js /home/coder/.local/share/code-server/extensions/kube.42header-0.42.9/node_modules/moment/src/lib/locale/locale.js /home/coder/.local/share/code-server/extensions/kube.42header-0.42.9/node_modules/moment/src/lib/locale/locales.js /home/coder/.local/share/code-server/extensions/kube.42header-0.42.9/node_modules/moment/src/lib/locale/ordinal.js /home/coder/.local/share/code-server/extensions/kube.42header-0.42.9/node_modules/moment/src/lib/locale/pre-post-format.js /home/coder/.local/share/code-server/extensions/kube.42header-0.42.9/node_modules/moment/src/lib/locale/prototype.js /home/coder/.local/share/code-server/extensions/kube.42header-0.42.9/node_modules/moment/src/lib/locale/relative.js /home/coder/.local/share/code-server/extensions/kube.42header-0.42.9/node_modules/moment/src/lib/locale/set.js /home/coder/.local/share/code-server/extensions/kube.42header-0.42.9/node_modules/moment/src/lib/moment/add-subtract.js /home/coder/.local/share/code-server/extensions/kube.42header-0.42.9/node_modules/moment/src/lib/moment/calendar.js /home/coder/.local/share/code-server/extensions/kube.42header-0.42.9/node_modules/moment/src/lib/moment/clone.js /home/coder/.local/share/code-server/extensions/kube.42header-0.42.9/node_modules/moment/src/lib/moment/compare.js /home/coder/.local/share/code-server/extensions/kube.42header-0.42.9/node_modules/moment/src/lib/moment/constructor.js /home/coder/.local/share/code-server/extensions/kube.42header-0.42.9/node_modules/moment/src/lib/moment/creation-data.js /home/coder/.local/share/code-server/extensions/kube.42header-0.42.9/node_modules/moment/src/lib/moment/diff.js /home/coder/.local/share/code-server/extensions/kube.42header-0.42.9/node_modules/moment/src/lib/moment/format.js /home/coder/.local/share/code-server/extensions/kube.42header-0.42.9/node_modules/moment/src/lib/moment/from.js /home/coder/.local/share/code-server/extensions/kube.42header-0.42.9/node_modules/moment/src/lib/moment/get-set.js /home/coder/.local/share/code-server/extensions/kube.42header-0.42.9/node_modules/moment/src/lib/moment/locale.js /home/coder/.local/share/code-server/extensions/kube.42header-0.42.9/node_modules/moment/src/lib/moment/min-max.js /home/coder/.local/share/code-server/extensions/kube.42header-0.42.9/node_modules/moment/src/lib/moment/moment.js /home/coder/.local/share/code-server/extensions/kube.42header-0.42.9/node_modules/moment/src/lib/moment/now.js /home/coder/.local/share/code-server/extensions/kube.42header-0.42.9/node_modules/moment/src/lib/moment/prototype.js /home/coder/.local/share/code-server/extensions/kube.42header-0.42.9/node_modules/moment/src/lib/moment/start-end-of.js /home/coder/.local/share/code-server/extensions/kube.42header-0.42.9/node_modules/moment/src/lib/moment/to-type.js /home/coder/.local/share/code-server/extensions/kube.42header-0.42.9/node_modules/moment/src/lib/moment/to.js /home/coder/.local/share/code-server/extensions/kube.42header-0.42.9/node_modules/moment/src/lib/moment/valid.js /home/coder/.local/share/code-server/extensions/kube.42header-0.42.9/node_modules/moment/src/lib/parse/regex.js /home/coder/.local/share/code-server/extensions/kube.42header-0.42.9/node_modules/moment/src/lib/parse/token.js /home/coder/.local/share/code-server/extensions/kube.42header-0.42.9/node_modules/moment/src/lib/units/aliases.js /home/coder/.local/share/code-server/extensions/kube.42header-0.42.9/node_modules/moment/src/lib/units/constants.js /home/coder/.local/share/code-server/extensions/kube.42header-0.42.9/node_modules/moment/src/lib/units/day-of-month.js /home/coder/.local/share/code-server/extensions/kube.42header-0.42.9/node_modules/moment/src/lib/units/day-of-week.js /home/coder/.local/share/code-server/extensions/kube.42header-0.42.9/node_modules/moment/src/lib/units/day-of-year.js /home/coder/.local/share/code-server/extensions/kube.42header-0.42.9/node_modules/moment/src/lib/units/hour.js /home/coder/.local/share/code-server/extensions/kube.42header-0.42.9/node_modules/moment/src/lib/units/millisecond.js /home/coder/.local/share/code-server/extensions/kube.42header-0.42.9/node_modules/moment/src/lib/units/minute.js /home/coder/.local/share/code-server/extensions/kube.42header-0.42.9/node_modules/moment/src/lib/units/month.js /home/coder/.local/share/code-server/extensions/kube.42header-0.42.9/node_modules/moment/src/lib/units/offset.js /home/coder/.local/share/code-server/extensions/kube.42header-0.42.9/node_modules/moment/src/lib/units/priorities.js /home/coder/.local/share/code-server/extensions/kube.42header-0.42.9/node_modules/moment/src/lib/units/quarter.js /home/coder/.local/share/code-server/extensions/kube.42header-0.42.9/node_modules/moment/src/lib/units/second.js /home/coder/.local/share/code-server/extensions/kube.42header-0.42.9/node_modules/moment/src/lib/units/timestamp.js /home/coder/.local/share/code-server/extensions/kube.42header-0.42.9/node_modules/moment/src/lib/units/timezone.js /home/coder/.local/share/code-server/extensions/kube.42header-0.42.9/node_modules/moment/src/lib/units/units.js /home/coder/.local/share/code-server/extensions/kube.42header-0.42.9/node_modules/moment/src/lib/units/week-calendar-utils.js /home/coder/.local/share/code-server/extensions/kube.42header-0.42.9/node_modules/moment/src/lib/units/week-year.js /home/coder/.local/share/code-server/extensions/kube.42header-0.42.9/node_modules/moment/src/lib/units/week.js /home/coder/.local/share/code-server/extensions/kube.42header-0.42.9/node_modules/moment/src/lib/units/year.js /home/coder/.local/share/code-server/extensions/kube.42header-0.42.9/node_modules/moment/src/lib/utils/abs-ceil.js /home/coder/.local/share/code-server/extensions/kube.42header-0.42.9/node_modules/moment/src/lib/utils/abs-floor.js /home/coder/.local/share/code-server/extensions/kube.42header-0.42.9/node_modules/moment/src/lib/utils/abs-round.js /home/coder/.local/share/code-server/extensions/kube.42header-0.42.9/node_modules/moment/src/lib/utils/compare-arrays.js /home/coder/.local/share/code-server/extensions/kube.42header-0.42.9/node_modules/moment/src/lib/utils/defaults.js /home/coder/.local/share/code-server/extensions/kube.42header-0.42.9/node_modules/moment/src/lib/utils/deprecate.js /home/coder/.local/share/code-server/extensions/kube.42header-0.42.9/node_modules/moment/src/lib/utils/extend.js /home/coder/.local/share/code-server/extensions/kube.42header-0.42.9/node_modules/moment/src/lib/utils/has-own-prop.js /home/coder/.local/share/code-server/extensions/kube.42header-0.42.9/node_modules/moment/src/lib/utils/hooks.js /home/coder/.local/share/code-server/extensions/kube.42header-0.42.9/node_modules/moment/src/lib/utils/index-of.js /home/coder/.local/share/code-server/extensions/kube.42header-0.42.9/node_modules/moment/src/lib/utils/is-array.js /home/coder/.local/share/code-server/extensions/kube.42header-0.42.9/node_modules/moment/src/lib/utils/is-date.js /home/coder/.local/share/code-server/extensions/kube.42header-0.42.9/node_modules/moment/src/lib/utils/is-function.js /home/coder/.local/share/code-server/extensions/kube.42header-0.42.9/node_modules/moment/src/lib/utils/is-number.js /home/coder/.local/share/code-server/extensions/kube.42header-0.42.9/node_modules/moment/src/lib/utils/is-object-empty.js /home/coder/.local/share/code-server/extensions/kube.42header-0.42.9/node_modules/moment/src/lib/utils/is-object.js /home/coder/.local/share/code-server/extensions/kube.42header-0.42.9/node_modules/moment/src/lib/utils/is-undefined.js /home/coder/.local/share/code-server/extensions/kube.42header-0.42.9/node_modules/moment/src/lib/utils/keys.js /home/coder/.local/share/code-server/extensions/kube.42header-0.42.9/node_modules/moment/src/lib/utils/map.js /home/coder/.local/share/code-server/extensions/kube.42header-0.42.9/node_modules/moment/src/lib/utils/some.js /home/coder/.local/share/code-server/extensions/kube.42header-0.42.9/node_modules/moment/src/lib/utils/to-int.js /home/coder/.local/share/code-server/extensions/kube.42header-0.42.9/node_modules/moment/src/lib/utils/zero-fill.js /home/coder/.local/share/code-server/extensions/kube.42header-0.42.9/node_modules/moment/src/locale/af.js /home/coder/.local/share/code-server/extensions/kube.42header-0.42.9/node_modules/moment/src/locale/ar-dz.js /home/coder/.local/share/code-server/extensions/kube.42header-0.42.9/node_modules/moment/src/locale/ar-ly.js /home/coder/.local/share/code-server/extensions/kube.42header-0.42.9/node_modules/moment/src/locale/ar-ma.js /home/coder/.local/share/code-server/extensions/kube.42header-0.42.9/node_modules/moment/src/locale/ar-sa.js /home/coder/.local/share/code-server/extensions/kube.42header-0.42.9/node_modules/moment/src/locale/ar-tn.js /home/coder/.local/share/code-server/extensions/kube.42header-0.42.9/node_modules/moment/src/locale/ar.js /home/coder/.local/share/code-server/extensions/kube.42header-0.42.9/node_modules/moment/src/locale/az.js /home/coder/.local/share/code-server/extensions/kube.42header-0.42.9/node_modules/moment/src/locale/be.js /home/coder/.local/share/code-server/extensions/kube.42header-0.42.9/node_modules/moment/src/locale/bg.js /home/coder/.local/share/code-server/extensions/kube.42header-0.42.9/node_modules/moment/src/locale/bn.js /home/coder/.local/share/code-server/extensions/kube.42header-0.42.9/node_modules/moment/src/locale/bo.js /home/coder/.local/share/code-server/extensions/kube.42header-0.42.9/node_modules/moment/src/locale/br.js /home/coder/.local/share/code-server/extensions/kube.42header-0.42.9/node_modules/moment/src/locale/bs.js /home/coder/.local/share/code-server/extensions/kube.42header-0.42.9/node_modules/moment/src/locale/ca.js /home/coder/.local/share/code-server/extensions/kube.42header-0.42.9/node_modules/moment/src/locale/cs.js /home/coder/.local/share/code-server/extensions/kube.42header-0.42.9/node_modules/moment/src/locale/cv.js /home/coder/.local/share/code-server/extensions/kube.42header-0.42.9/node_modules/moment/src/locale/cy.js /home/coder/.local/share/code-server/extensions/kube.42header-0.42.9/node_modules/moment/src/locale/da.js /home/coder/.local/share/code-server/extensions/kube.42header-0.42.9/node_modules/moment/src/locale/de-at.js /home/coder/.local/share/code-server/extensions/kube.42header-0.42.9/node_modules/moment/src/locale/de.js /home/coder/.local/share/code-server/extensions/kube.42header-0.42.9/node_modules/moment/src/locale/dv.js /home/coder/.local/share/code-server/extensions/kube.42header-0.42.9/node_modules/moment/src/locale/el.js /home/coder/.local/share/code-server/extensions/kube.42header-0.42.9/node_modules/moment/src/locale/en-au.js /home/coder/.local/share/code-server/extensions/kube.42header-0.42.9/node_modules/moment/src/locale/en-ca.js /home/coder/.local/share/code-server/extensions/kube.42header-0.42.9/node_modules/moment/src/locale/en-gb.js /home/coder/.local/share/code-server/extensions/kube.42header-0.42.9/node_modules/moment/src/locale/en-ie.js /home/coder/.local/share/code-server/extensions/kube.42header-0.42.9/node_modules/moment/src/locale/en-nz.js /home/coder/.local/share/code-server/extensions/kube.42header-0.42.9/node_modules/moment/src/locale/eo.js /home/coder/.local/share/code-server/extensions/kube.42header-0.42.9/node_modules/moment/src/locale/es-do.js /home/coder/.local/share/code-server/extensions/kube.42header-0.42.9/node_modules/moment/src/locale/es.js
> git add -A -- /home/coder/.local/share/code-server/extensions/kube.42header-0.42.9/node_modules/moment/src/locale/et.js /home/coder/.local/share/code-server/extensions/kube.42header-0.42.9/node_modules/moment/src/locale/eu.js /home/coder/.local/share/code-server/extensions/kube.42header-0.42.9/node_modules/moment/src/locale/fa.js /home/coder/.local/share/code-server/extensions/kube.42header-0.42.9/node_modules/moment/src/locale/fi.js /home/coder/.local/share/code-server/extensions/kube.42header-0.42.9/node_modules/moment/src/locale/fo.js /home/coder/.local/share/code-server/extensions/kube.42header-0.42.9/node_modules/moment/src/locale/fr-ca.js /home/coder/.local/share/code-server/extensions/kube.42header-0.42.9/node_modules/moment/src/locale/fr-ch.js /home/coder/.local/share/code-server/extensions/kube.42header-0.42.9/node_modules/moment/src/locale/fr.js /home/coder/.local/share/code-server/extensions/kube.42header-0.42.9/node_modules/moment/src/locale/fy.js /home/coder/.local/share/code-server/extensions/kube.42header-0.42.9/node_modules/moment/src/locale/gd.js /home/coder/.local/share/code-server/extensions/kube.42header-0.42.9/node_modules/moment/src/locale/gl.js /home/coder/.local/share/code-server/extensions/kube.42header-0.42.9/node_modules/moment/src/locale/he.js /home/coder/.local/share/code-server/extensions/kube.42header-0.42.9/node_modules/moment/src/locale/hi.js /home/coder/.local/share/code-server/extensions/kube.42header-0.42.9/node_modules/moment/src/locale/hr.js /home/coder/.local/share/code-server/extensions/kube.42header-0.42.9/node_modules/moment/src/locale/hu.js /home/coder/.local/share/code-server/extensions/kube.42header-0.42.9/node_modules/moment/src/locale/hy-am.js /home/coder/.local/share/code-server/extensions/kube.42header-0.42.9/node_modules/moment/src/locale/id.js /home/coder/.local/share/code-server/extensions/kube.42header-0.42.9/node_modules/moment/src/locale/is.js /home/coder/.local/share/code-server/extensions/kube.42header-0.42.9/node_modules/moment/src/locale/it.js /home/coder/.local/share/code-server/extensions/kube.42header-0.42.9/node_modules/moment/src/locale/ja.js /home/coder/.local/share/code-server/extensions/kube.42header-0.42.9/node_modules/moment/src/locale/jv.js /home/coder/.local/share/code-server/extensions/kube.42header-0.42.9/node_modules/moment/src/locale/ka.js /home/coder/.local/share/code-server/extensions/kube.42header-0.42.9/node_modules/moment/src/locale/kk.js /home/coder/.local/share/code-server/extensions/kube.42header-0.42.9/node_modules/moment/src/locale/km.js /home/coder/.local/share/code-server/extensions/kube.42header-0.42.9/node_modules/moment/src/locale/ko.js /home/coder/.local/share/code-server/extensions/kube.42header-0.42.9/node_modules/moment/src/locale/ky.js /home/coder/.local/share/code-server/extensions/kube.42header-0.42.9/node_modules/moment/src/locale/lb.js /home/coder/.local/share/code-server/extensions/kube.42header-0.42.9/node_modules/moment/src/locale/lo.js /home/coder/.local/share/code-server/extensions/kube.42header-0.42.9/node_modules/moment/src/locale/lt.js /home/coder/.local/share/code-server/extensions/kube.42header-0.42.9/node_modules/moment/src/locale/lv.js /home/coder/.local/share/code-server/extensions/kube.42header-0.42.9/node_modules/moment/src/locale/me.js /home/coder/.local/share/code-server/extensions/kube.42header-0.42.9/node_modules/moment/src/locale/mi.js /home/coder/.local/share/code-server/extensions/kube.42header-0.42.9/node_modules/moment/src/locale/mk.js /home/coder/.local/share/code-server/extensions/kube.42header-0.42.9/node_modules/moment/src/locale/ml.js /home/coder/.local/share/code-server/extensions/kube.42header-0.42.9/node_modules/moment/src/locale/mr.js /home/coder/.local/share/code-server/extensions/kube.42header-0.42.9/node_modules/moment/src/locale/ms-my.js /home/coder/.local/share/code-server/extensions/kube.42header-0.42.9/node_modules/moment/src/locale/ms.js /home/coder/.local/share/code-server/extensions/kube.42header-0.42.9/node_modules/moment/src/locale/my.js /home/coder/.local/share/code-server/extensions/kube.42header-0.42.9/node_modules/moment/src/locale/nb.js /home/coder/.local/share/code-server/extensions/kube.42header-0.42.9/node_modules/moment/src/locale/ne.js /home/coder/.local/share/code-server/extensions/kube.42header-0.42.9/node_modules/moment/src/locale/nl-be.js /home/coder/.local/share/code-server/extensions/kube.42header-0.42.9/node_modules/moment/src/locale/nl.js /home/coder/.local/share/code-server/extensions/kube.42header-0.42.9/node_modules/moment/src/locale/nn.js /home/coder/.local/share/code-server/extensions/kube.42header-0.42.9/node_modules/moment/src/locale/pa-in.js /home/coder/.local/share/code-server/extensions/kube.42header-0.42.9/node_modules/moment/src/locale/pl.js /home/coder/.local/share/code-server/extensions/kube.42header-0.42.9/node_modules/moment/src/locale/pt-br.js /home/coder/.local/share/code-server/extensions/kube.42header-0.42.9/node_modules/moment/src/locale/pt.js /home/coder/.local/share/code-server/extensions/kube.42header-0.42.9/node_modules/moment/src/locale/ro.js /home/coder/.local/share/code-server/extensions/kube.42header-0.42.9/node_modules/moment/src/locale/ru.js /home/coder/.local/share/code-server/extensions/kube.42header-0.42.9/node_modules/moment/src/locale/se.js /home/coder/.local/share/code-server/extensions/kube.42header-0.42.9/node_modules/moment/src/locale/si.js /home/coder/.local/share/code-server/extensions/kube.42header-0.42.9/node_modules/moment/src/locale/sk.js /home/coder/.local/share/code-server/extensions/kube.42header-0.42.9/node_modules/moment/src/locale/sl.js /home/coder/.local/share/code-server/extensions/kube.42header-0.42.9/node_modules/moment/src/locale/sq.js /home/coder/.local/share/code-server/extensions/kube.42header-0.42.9/node_modules/moment/src/locale/sr-cyrl.js /home/coder/.local/share/code-server/extensions/kube.42header-0.42.9/node_modules/moment/src/locale/sr.js /home/coder/.local/share/code-server/extensions/kube.42header-0.42.9/node_modules/moment/src/locale/ss.js /home/coder/.local/share/code-server/extensions/kube.42header-0.42.9/node_modules/moment/src/locale/sv.js /home/coder/.local/share/code-server/extensions/kube.42header-0.42.9/node_modules/moment/src/locale/sw.js /home/coder/.local/share/code-server/extensions/kube.42header-0.42.9/node_modules/moment/src/locale/ta.js /home/coder/.local/share/code-server/extensions/kube.42header-0.42.9/node_modules/moment/src/locale/te.js /home/coder/.local/share/code-server/extensions/kube.42header-0.42.9/node_modules/moment/src/locale/tet.js /home/coder/.local/share/code-server/extensions/kube.42header-0.42.9/node_modules/moment/src/locale/th.js /home/coder/.local/share/code-server/extensions/kube.42header-0.42.9/node_modules/moment/src/locale/tl-ph.js /home/coder/.local/share/code-server/extensions/kube.42header-0.42.9/node_modules/moment/src/locale/tlh.js /home/coder/.local/share/code-server/extensions/kube.42header-0.42.9/node_modules/moment/src/locale/tr.js /home/coder/.local/share/code-server/extensions/kube.42header-0.42.9/node_modules/moment/src/locale/tzl.js /home/coder/.local/share/code-server/extensions/kube.42header-0.42.9/node_modules/moment/src/locale/tzm-latn.js /home/coder/.local/share/code-server/extensions/kube.42header-0.42.9/node_modules/moment/src/locale/tzm.js /home/coder/.local/share/code-server/extensions/kube.42header-0.42.9/node_modules/moment/src/locale/uk.js /home/coder/.local/share/code-server/extensions/kube.42header-0.42.9/node_modules/moment/src/locale/uz.js /home/coder/.local/share/code-server/extensions/kube.42header-0.42.9/node_modules/moment/src/locale/vi.js /home/coder/.local/share/code-server/extensions/kube.42header-0.42.9/node_modules/moment/src/locale/x-pseudo.js /home/coder/.local/share/code-server/extensions/kube.42header-0.42.9/node_modules/moment/src/locale/yo.js /home/coder/.local/share/code-server/extensions/kube.42header-0.42.9/node_modules/moment/src/locale/zh-cn.js /home/coder/.local/share/code-server/extensions/kube.42header-0.42.9/node_modules/moment/src/locale/zh-hk.js /home/coder/.local/share/code-server/extensions/kube.42header-0.42.9/node_modules/moment/src/locale/zh-tw.js /home/coder/.local/share/code-server/extensions/kube.42header-0.42.9/node_modules/moment/src/moment.js /home/coder/.local/share/code-server/extensions/kube.42header-0.42.9/out/src/delimiters.js /home/coder/.local/share/code-server/extensions/kube.42header-0.42.9/out/src/extension.js /home/coder/.local/share/code-server/extensions/kube.42header-0.42.9/out/src/header.js /home/coder/.local/share/code-server/extensions/kube.42header-0.42.9/package.json /home/coder/.local/share/code-server/heartbeat /home/coder/.local/share/code-server/logs/20220607T141646/cli.log /home/coder/.local/share/code-server/logs/20220607T141736/extension-host/exthost.log /home/coder/.local/share/code-server/logs/20220607T141736/extension-host/output_logging_20220607T141738/1-Git.log /home/coder/.local/share/code-server/logs/20220607T141736/extension-host/output_logging_20220607T142611/2-GitHub Authentication.log /home/coder/.local/share/code-server/logs/20220607T141736/remoteagent.log /home/coder/.local/share/code-server/machineid /home/coder/.local/share/evolution/addressbook/system/contacts.db /home/coder/.local/share/evolution/calendar/system/calendar.ics /home/coder/.local/share/evolution/tasks/system/tasks.ics /home/coder/.local/share/gvfs-metadata/.nfs000000000fef835600000ec5 /home/coder/.local/share/gvfs-metadata/.nfs000000000fef835600000ec7 /home/coder/.local/share/gvfs-metadata/.nfs000000000fef837d00000eca /home/coder/.local/share/gvfs-metadata/home /home/coder/.ssh/authorized_keys /home/coder/.ssh/id_ecdsa /home/coder/.ssh/id_ecdsa.pub /home/coder/.ssh/id_rsa /home/coder/.ssh/id_rsa.pub /home/coder/.vnc/config /home/coder/.vnc/krankovi-workspace-85c97c7854-bhlw5:1.log /home/coder/.vnc/krankovi-workspace-85c97c7854-bhlw5:1.pid /home/coder/.vnc/passwd /home/coder/.vnc/xstartup /home/coder/.vscode-oss/extensions/kube.42header-0.42.9/.vsixmanifest /home/coder/.vscode-oss/extensions/kube.42header-0.42.9/42.png /home/coder/.vscode-oss/extensions/kube.42header-0.42.9/LICENSE.txt /home/coder/.vscode-oss/extensions/kube.42header-0.42.9/README.md /home/coder/.vscode-oss/extensions/kube.42header-0.42.9/node_modules/moment/CHANGELOG.md /home/coder/.vscode-oss/extensions/kube.42header-0.42.9/node_modules/moment/LICENSE /home/coder/.vscode-oss/extensions/kube.42header-0.42.9/node_modules/moment/README.md /home/coder/.vscode-oss/extensions/kube.42header-0.42.9/node_modules/moment/ender.js /home/coder/.vscode-oss/extensions/kube.42header-0.42.9/node_modules/moment/locale/af.js /home/coder/.vscode-oss/extensions/kube.42header-0.42.9/node_modules/moment/locale/ar-dz.js /home/coder/.vscode-oss/extensions/kube.42header-0.42.9/node_modules/moment/locale/ar-ly.js /home/coder/.vscode-oss/extensions/kube.42header-0.42.9/node_modules/moment/locale/ar-ma.js /home/coder/.vscode-oss/extensions/kube.42header-0.42.9/node_modules/moment/locale/ar-sa.js /home/coder/.vscode-oss/extensions/kube.42header-0.42.9/node_modules/moment/locale/ar-tn.js /home/coder/.vscode-oss/extensions/kube.42header-0.42.9/node_modules/moment/locale/ar.js /home/coder/.vscode-oss/extensions/kube.42header-0.42.9/node_modules/moment/locale/az.js /home/coder/.vscode-oss/extensions/kube.42header-0.42.9/node_modules/moment/locale/be.js /home/coder/.vscode-oss/extensions/kube.42header-0.42.9/node_modules/moment/locale/bg.js /home/coder/.vscode-oss/extensions/kube.42header-0.42.9/node_modules/moment/locale/bn.js /home/coder/.vscode-oss/extensions/kube.42header-0.42.9/node_modules/moment/locale/bo.js /home/coder/.vscode-oss/extensions/kube.42header-0.42.9/node_modules/moment/locale/br.js /home/coder/.vscode-oss/extensions/kube.42header-0.42.9/node_modules/moment/locale/bs.js /home/coder/.vscode-oss/extensions/kube.42header-0.42.9/node_modules/moment/locale/ca.js /home/coder/.vscode-oss/extensions/kube.42header-0.42.9/node_modules/moment/locale/cs.js /home/coder/.vscode-oss/extensions/kube.42header-0.42.9/node_modules/moment/locale/cv.js /home/coder/.vscode-oss/extensions/kube.42header-0.42.9/node_modules/moment/locale/cy.js /home/coder/.vscode-oss/extensions/kube.42header-0.42.9/node_modules/moment/locale/da.js /home/coder/.vscode-oss/extensions/kube.42header-0.42.9/node_modules/moment/locale/de-at.js /home/coder/.vscode-oss/extensions/kube.42header-0.42.9/node_modules/moment/locale/de.js /home/coder/.vscode-oss/extensions/kube.42header-0.42.9/node_modules/moment/locale/dv.js /home/coder/.vscode-oss/extensions/kube.42header-0.42.9/node_modules/moment/locale/el.js /home/coder/.vscode-oss/extensions/kube.42header-0.42.9/node_modules/moment/locale/en-au.js /home/coder/.vscode-oss/extensions/kube.42header-0.42.9/node_modules/moment/locale/en-ca.js /home/coder/.vscode-oss/extensions/kube.42header-0.42.9/node_modules/moment/locale/en-gb.js /home/coder/.vscode-oss/extensions/kube.42header-0.42.9/node_modules/moment/locale/en-ie.js /home/coder/.vscode-oss/extensions/kube.42header-0.42.9/node_modules/moment/locale/en-nz.js /home/coder/.vscode-oss/extensions/kube.42header-0.42.9/node_modules/moment/locale/eo.js /home/coder/.vscode-oss/extensions/kube.42header-0.42.9/node_modules/moment/locale/es-do.js /home/coder/.vscode-oss/extensions/kube.42header-0.42.9/node_modules/moment/locale/es.js /home/coder/.vscode-oss/extensions/kube.42header-0.42.9/node_modules/moment/locale/et.js /home/coder/.vscode-oss/extensions/kube.42header-0.42.9/node_modules/moment/locale/eu.js /home/coder/.vscode-oss/extensions/kube.42header-0.42.9/node_modules/moment/locale/fa.js /home/coder/.vscode-oss/extensions/kube.42header-0.42.9/node_modules/moment/locale/fi.js /home/coder/.vscode-oss/extensions/kube.42header-0.42.9/node_modules/moment/locale/fo.js /home/coder/.vscode-oss/extensions/kube.42header-0.42.9/node_modules/moment/locale/fr-ca.js /home/coder/.vscode-oss/extensions/kube.42header-0.42.9/node_modules/moment/locale/fr-ch.js /home/coder/.vscode-oss/extensions/kube.42header-0.42.9/node_modules/moment/locale/fr.js /home/coder/.vscode-oss/extensions/kube.42header-0.42.9/node_modules/moment/locale/fy.js /home/coder/.vscode-oss/extensions/kube.42header-0.42.9/node_modules/moment/locale/gd.js /home/coder/.vscode-oss/extensions/kube.42header-0.42.9/node_modules/moment/locale/gl.js /home/coder/.vscode-oss/extensions/kube.42header-0.42.9/node_modules/moment/locale/he.js /home/coder/.vscode-oss/extensions/kube.42header-0.42.9/node_modules/moment/locale/hi.js /home/coder/.vscode-oss/extensions/kube.42header-0.42.9/node_modules/moment/locale/hr.js /home/coder/.vscode-oss/extensions/kube.42header-0.42.9/node_modules/moment/locale/hu.js /home/coder/.vscode-oss/extensions/kube.42header-0.42.9/node_modules/moment/locale/hy-am.js /home/coder/.vscode-oss/extensions/kube.42header-0.42.9/node_modules/moment/locale/id.js /home/coder/.vscode-oss/extensions/kube.42header-0.42.9/node_modules/moment/locale/is.js /home/coder/.vscode-oss/extensions/kube.42header-0.42.9/node_modules/moment/locale/it.js /home/coder/.vscode-oss/extensions/kube.42header-0.42.9/node_modules/moment/locale/ja.js /home/coder/.vscode-oss/extensions/kube.42header-0.42.9/node_modules/moment/locale/jv.js /home/coder/.vscode-oss/extensions/kube.42header-0.42.9/node_modules/moment/locale/ka.js /home/coder/.vscode-oss/extensions/kube.42header-0.42.9/node_modules/moment/locale/kk.js /home/coder/.vscode-oss/extensions/kube.42header-0.42.9/node_modules/moment/locale/km.js /home/coder/.vscode-oss/extensions/kube.42header-0.42.9/node_modules/moment/locale/ko.js /home/coder/.vscode-oss/extensions/kube.42header-0.42.9/node_modules/moment/locale/ky.js /home/coder/.vscode-oss/extensions/kube.42header-0.42.9/node_modules/moment/locale/lb.js /home/coder/.vscode-oss/extensions/kube.42header-0.42.9/node_modules/moment/locale/lo.js /home/coder/.vscode-oss/extensions/kube.42header-0.42.9/node_modules/moment/locale/lt.js /home/coder/.vscode-oss/extensions/kube.42header-0.42.9/node_modules/moment/locale/lv.js /home/coder/.vscode-oss/extensions/kube.42header-0.42.9/node_modules/moment/locale/me.js /home/coder/.vscode-oss/extensions/kube.42header-0.42.9/node_modules/moment/locale/mi.js /home/coder/.vscode-oss/extensions/kube.42header-0.42.9/node_modules/moment/locale/mk.js /home/coder/.vscode-oss/extensions/kube.42header-0.42.9/node_modules/moment/locale/ml.js /home/coder/.vscode-oss/extensions/kube.42header-0.42.9/node_modules/moment/locale/mr.js /home/coder/.vscode-oss/extensions/kube.42header-0.42.9/node_modules/moment/locale/ms-my.js /home/coder/.vscode-oss/extensions/kube.42header-0.42.9/node_modules/moment/locale/ms.js /home/coder/.vscode-oss/extensions/kube.42header-0.42.9/node_modules/moment/locale/my.js /home/coder/.vscode-oss/extensions/kube.42header-0.42.9/node_modules/moment/locale/nb.js /home/coder/.vscode-oss/extensions/kube.42header-0.42.9/node_modules/moment/locale/ne.js /home/coder/.vscode-oss/extensions/kube.42header-0.42.9/node_modules/moment/locale/nl-be.js /home/coder/.vscode-oss/extensions/kube.42header-0.42.9/node_modules/moment/locale/nl.js /home/coder/.vscode-oss/extensions/kube.42header-0.42.9/node_modules/moment/locale/nn.js /home/coder/.vscode-oss/extensions/kube.42header-0.42.9/node_modules/moment/locale/pa-in.js /home/coder/.vscode-oss/extensions/kube.42header-0.42.9/node_modules/moment/locale/pl.js /home/coder/.vscode-oss/extensions/kube.42header-0.42.9/node_modules/moment/locale/pt-br.js /home/coder/.vscode-oss/extensions/kube.42header-0.42.9/node_modules/moment/locale/pt.js /home/coder/.vscode-oss/extensions/kube.42header-0.42.9/node_modules/moment/locale/ro.js /home/coder/.vscode-oss/extensions/kube.42header-0.42.9/node_modules/moment/locale/ru.js /home/coder/.vscode-oss/extensions/kube.42header-0.42.9/node_modules/moment/locale/se.js /home/coder/.vscode-oss/extensions/kube.42header-0.42.9/node_modules/moment/locale/si.js /home/coder/.vscode-oss/extensions/kube.42header-0.42.9/node_modules/moment/locale/sk.js /home/coder/.vscode-oss/extensions/kube.42header-0.42.9/node_modules/moment/locale/sl.js /home/coder/.vscode-oss/extensions/kube.42header-0.42.9/node_modules/moment/locale/sq.js /home/coder/.vscode-oss/extensions/kube.42header-0.42.9/node_modules/moment/locale/sr-cyrl.js /home/coder/.vscode-oss/extensions/kube.42header-0.42.9/node_modules/moment/locale/sr.js /home/coder/.vscode-oss/extensions/kube.42header-0.42.9/node_modules/moment/locale/ss.js /home/coder/.vscode-oss/extensions/kube.42header-0.42.9/node_modules/moment/locale/sv.js /home/coder/.vscode-oss/extensions/kube.42header-0.42.9/node_modules/moment/locale/sw.js /home/coder/.vscode-oss/extensions/kube.42header-0.42.9/node_modules/moment/locale/ta.js /home/coder/.vscode-oss/extensions/kube.42header-0.42.9/node_modules/moment/locale/te.js /home/coder/.vscode-oss/extensions/kube.42header-0.42.9/node_modules/moment/locale/tet.js /home/coder/.vscode-oss/extensions/kube.42header-0.42.9/node_modules/moment/locale/th.js /home/coder/.vscode-oss/extensions/kube.42header-0.42.9/node_modules/moment/locale/tl-ph.js /home/coder/.vscode-oss/extensions/kube.42header-0.42.9/node_modules/moment/locale/tlh.js /home/coder/.vscode-oss/extensions/kube.42header-0.42.9/node_modules/moment/locale/tr.js /home/coder/.vscode-oss/extensions/kube.42header-0.42.9/node_modules/moment/locale/tzl.js /home/coder/.vscode-oss/extensions/kube.42header-0.42.9/node_modules/moment/locale/tzm-latn.js /home/coder/.vscode-oss/extensions/kube.42header-0.42.9/node_modules/moment/locale/tzm.js /home/coder/.vscode-oss/extensions/kube.42header-0.42.9/node_modules/moment/locale/uk.js /home/coder/.vscode-oss/extensions/kube.42header-0.42.9/node_modules/moment/locale/uz.js /home/coder/.vscode-oss/extensions/kube.42header-0.42.9/node_modules/moment/locale/vi.js /home/coder/.vscode-oss/extensions/kube.42header-0.42.9/node_modules/moment/locale/x-pseudo.js /home/coder/.vscode-oss/extensions/kube.42header-0.42.9/node_modules/moment/locale/yo.js /home/coder/.vscode-oss/extensions/kube.42header-0.42.9/node_modules/moment/locale/zh-cn.js /home/coder/.vscode-oss/extensions/kube.42header-0.42.9/node_modules/moment/locale/zh-hk.js /home/coder/.vscode-oss/extensions/kube.42header-0.42.9/node_modules/moment/locale/zh-tw.js /home/coder/.vscode-oss/extensions/kube.42header-0.42.9/node_modules/moment/min/locales.js /home/coder/.vscode-oss/extensions/kube.42header-0.42.9/node_modules/moment/min/locales.min.js /home/coder/.vscode-oss/extensions/kube.42header-0.42.9/node_modules/moment/min/moment-with-locales.js /home/coder/.vscode-oss/extensions/kube.42header-0.42.9/node_modules/moment/min/moment-with-locales.min.js /home/coder/.vscode-oss/extensions/kube.42header-0.42.9/node_modules/moment/min/moment.min.js /home/coder/.vscode-oss/extensions/kube.42header-0.42.9/node_modules/moment/moment.d.ts /home/coder/.vscode-oss/extensions/kube.42header-0.42.9/node_modules/moment/moment.js /home/coder/.vscode-oss/extensions/kube.42header-0.42.9/node_modules/moment/package.js /home/coder/.vscode-oss/extensions/kube.42header-0.42.9/node_modules/moment/package.json /home/coder/.vscode-oss/extensions/kube.42header-0.42.9/node_modules/moment/src/lib/create/check-overflow.js /home/coder/.vscode-oss/extensions/kube.42header-0.42.9/node_modules/moment/src/lib/create/date-from-array.js /home/coder/.vscode-oss/extensions/kube.42header-0.42.9/node_modules/moment/src/lib/create/from-anything.js /home/coder/.vscode-oss/extensions/kube.42header-0.42.9/node_modules/moment/src/lib/create/from-array.js /home/coder/.vscode-oss/extensions/kube.42header-0.42.9/node_modules/moment/src/lib/create/from-object.js /home/coder/.vscode-oss/extensions/kube.42header-0.42.9/node_modules/moment/src/lib/create/from-string-and-array.js /home/coder/.vscode-oss/extensions/kube.42header-0.42.9/node_modules/moment/src/lib/create/from-string-and-format.js /home/coder/.vscode-oss/extensions/kube.42header-0.42.9/node_modules/moment/src/lib/create/from-string.js /home/coder/.vscode-oss/extensions/kube.42header-0.42.9/node_modules/moment/src/lib/create/local.js /home/coder/.vscode-oss/extensions/kube.42header-0.42.9/node_modules/moment/src/lib/create/parsing-flags.js /home/coder/.vscode-oss/extensions/kube.42header-0.42.9/node_modules/moment/src/lib/create/utc.js /home/coder/.vscode-oss/extensions/kube.42header-0.42.9/node_modules/moment/src/lib/create/valid.js /home/coder/.vscode-oss/extensions/kube.42header-0.42.9/node_modules/moment/src/lib/duration/abs.js /home/coder/.vscode-oss/extensions/kube.42header-0.42.9/node_modules/moment/src/lib/duration/add-subtract.js /home/coder/.vscode-oss/extensions/kube.42header-0.42.9/node_modules/moment/src/lib/duration/as.js /home/coder/.vscode-oss/extensions/kube.42header-0.42.9/node_modules/moment/src/lib/duration/bubble.js /home/coder/.vscode-oss/extensions/kube.42header-0.42.9/node_modules/moment/src/lib/duration/constructor.js /home/coder/.vscode-oss/extensions/kube.42header-0.42.9/node_modules/moment/src/lib/duration/create.js /home/coder/.vscode-oss/extensions/kube.42header-0.42.9/node_modules/moment/src/lib/duration/duration.js /home/coder/.vscode-oss/extensions/kube.42header-0.42.9/node_modules/moment/src/lib/duration/get.js /home/coder/.vscode-oss/extensions/kube.42header-0.42.9/node_modules/moment/src/lib/duration/humanize.js /home/coder/.vscode-oss/extensions/kube.42header-0.42.9/node_modules/moment/src/lib/duration/iso-string.js /home/coder/.vscode-oss/extensions/kube.42header-0.42.9/node_modules/moment/src/lib/duration/prototype.js /home/coder/.vscode-oss/extensions/kube.42header-0.42.9/node_modules/moment/src/lib/format/format.js /home/coder/.vscode-oss/extensions/kube.42header-0.42.9/node_modules/moment/src/lib/locale/base-config.js /home/coder/.vscode-oss/extensions/kube.42header-0.42.9/node_modules/moment/src/lib/locale/calendar.js /home/coder/.vscode-oss/extensions/kube.42header-0.42.9/node_modules/moment/src/lib/locale/constructor.js /home/coder/.vscode-oss/extensions/kube.42header-0.42.9/node_modules/moment/src/lib/locale/en.js /home/coder/.vscode-oss/extensions/kube.42header-0.42.9/node_modules/moment/src/lib/locale/formats.js /home/coder/.vscode-oss/extensions/kube.42header-0.42.9/node_modules/moment/src/lib/locale/invalid.js /home/coder/.vscode-oss/extensions/kube.42header-0.42.9/node_modules/moment/src/lib/locale/lists.js /home/coder/.vscode-oss/extensions/kube.42header-0.42.9/node_modules/moment/src/lib/locale/locale.js /home/coder/.vscode-oss/extensions/kube.42header-0.42.9/node_modules/moment/src/lib/locale/locales.js /home/coder/.vscode-oss/extensions/kube.42header-0.42.9/node_modules/moment/src/lib/locale/ordinal.js /home/coder/.vscode-oss/extensions/kube.42header-0.42.9/node_modules/moment/src/lib/locale/pre-post-format.js /home/coder/.vscode-oss/extensions/kube.42header-0.42.9/node_modules/moment/src/lib/locale/prototype.js /home/coder/.vscode-oss/extensions/kube.42header-0.42.9/node_modules/moment/src/lib/locale/relative.js /home/coder/.vscode-oss/extensions/kube.42header-0.42.9/node_modules/moment/src/lib/locale/set.js /home/coder/.vscode-oss/extensions/kube.42header-0.42.9/node_modules/moment/src/lib/moment/add-subtract.js /home/coder/.vscode-oss/extensions/kube.42header-0.42.9/node_modules/moment/src/lib/moment/calendar.js /home/coder/.vscode-oss/extensions/kube.42header-0.42.9/node_modules/moment/src/lib/moment/clone.js /home/coder/.vscode-oss/extensions/kube.42header-0.42.9/node_modules/moment/src/lib/moment/compare.js /home/coder/.vscode-oss/extensions/kube.42header-0.42.9/node_modules/moment/src/lib/moment/constructor.js /home/coder/.vscode-oss/extensions/kube.42header-0.42.9/node_modules/moment/src/lib/moment/creation-data.js /home/coder/.vscode-oss/extensions/kube.42header-0.42.9/node_modules/moment/src/lib/moment/diff.js /home/coder/.vscode-oss/extensions/kube.42header-0.42.9/node_modules/moment/src/lib/moment/format.js /home/coder/.vscode-oss/extensions/kube.42header-0.42.9/node_modules/moment/src/lib/moment/from.js /home/coder/.vscode-oss/extensions/kube.42header-0.42.9/node_modules/moment/src/lib/moment/get-set.js /home/coder/.vscode-oss/extensions/kube.42header-0.42.9/node_modules/moment/src/lib/moment/locale.js /home/coder/.vscode-oss/extensions/kube.42header-0.42.9/node_modules/moment/src/lib/moment/min-max.js /home/coder/.vscode-oss/extensions/kube.42header-0.42.9/node_modules/moment/src/lib/moment/moment.js /home/coder/.vscode-oss/extensions/kube.42header-0.42.9/node_modules/moment/src/lib/moment/now.js /home/coder/.vscode-oss/extensions/kube.42header-0.42.9/node_modules/moment/src/lib/moment/prototype.js /home/coder/.vscode-oss/extensions/kube.42header-0.42.9/node_modules/moment/src/lib/moment/start-end-of.js /home/coder/.vscode-oss/extensions/kube.42header-0.42.9/node_modules/moment/src/lib/moment/to-type.js /home/coder/.vscode-oss/extensions/kube.42header-0.42.9/node_modules/moment/src/lib/moment/to.js /home/coder/.vscode-oss/extensions/kube.42header-0.42.9/node_modules/moment/src/lib/moment/valid.js /home/coder/.vscode-oss/extensions/kube.42header-0.42.9/node_modules/moment/src/lib/parse/regex.js /home/coder/.vscode-oss/extensions/kube.42header-0.42.9/node_modules/moment/src/lib/parse/token.js /home/coder/.vscode-oss/extensions/kube.42header-0.42.9/node_modules/moment/src/lib/units/aliases.js /home/coder/.vscode-oss/extensions/kube.42header-0.42.9/node_modules/moment/src/lib/units/constants.js /home/coder/.vscode-oss/extensions/kube.42header-0.42.9/node_modules/moment/src/lib/units/day-of-month.js /home/coder/.vscode-oss/extensions/kube.42header-0.42.9/node_modules/moment/src/lib/units/day-of-week.js /home/coder/.vscode-oss/extensions/kube.42header-0.42.9/node_modules/moment/src/lib/units/day-of-year.js /home/coder/.vscode-oss/extensions/kube.42header-0.42.9/node_modules/moment/src/lib/units/hour.js /home/coder/.vscode-oss/extensions/kube.42header-0.42.9/node_modules/moment/src/lib/units/millisecond.js /home/coder/.vscode-oss/extensions/kube.42header-0.42.9/node_modules/moment/src/lib/units/minute.js /home/coder/.vscode-oss/extensions/kube.42header-0.42.9/node_modules/moment/src/lib/units/month.js /home/coder/.vscode-oss/extensions/kube.42header-0.42.9/node_modules/moment/src/lib/units/offset.js /home/coder/.vscode-oss/extensions/kube.42header-0.42.9/node_modules/moment/src/lib/units/priorities.js /home/coder/.vscode-oss/extensions/kube.42header-0.42.9/node_modules/moment/src/lib/units/quarter.js /home/coder/.vscode-oss/extensions/kube.42header-0.42.9/node_modules/moment/src/lib/units/second.js /home/coder/.vscode-oss/extensions/kube.42header-0.42.9/node_modules/moment/src/lib/units/timestamp.js /home/coder/.vscode-oss/extensions/kube.42header-0.42.9/node_modules/moment/src/lib/units/timezone.js /home/coder/.vscode-oss/extensions/kube.42header-0.42.9/node_modules/moment/src/lib/units/units.js /home/coder/.vscode-oss/extensions/kube.42header-0.42.9/node_modules/moment/src/lib/units/week-calendar-utils.js /home/coder/.vscode-oss/extensions/kube.42header-0.42.9/node_modules/moment/src/lib/units/week-year.js /home/coder/.vscode-oss/extensions/kube.42header-0.42.9/node_modules/moment/src/lib/units/week.js /home/coder/.vscode-oss/extensions/kube.42header-0.42.9/node_modules/moment/src/lib/units/year.js /home/coder/.vscode-oss/extensions/kube.42header-0.42.9/node_modules/moment/src/lib/utils/abs-ceil.js /home/coder/.vscode-oss/extensions/kube.42header-0.42.9/node_modules/moment/src/lib/utils/abs-floor.js /home/coder/.vscode-oss/extensions/kube.42header-0.42.9/node_modules/moment/src/lib/utils/abs-round.js /home/coder/.vscode-oss/extensions/kube.42header-0.42.9/node_modules/moment/src/lib/utils/compare-arrays.js /home/coder/.vscode-oss/extensions/kube.42header-0.42.9/node_modules/moment/src/lib/utils/defaults.js /home/coder/.vscode-oss/extensions/kube.42header-0.42.9/node_modules/moment/src/lib/utils/deprecate.js /home/coder/.vscode-oss/extensions/kube.42header-0.42.9/node_modules/moment/src/lib/utils/extend.js /home/coder/.vscode-oss/extensions/kube.42header-0.42.9/node_modules/moment/src/lib/utils/has-own-prop.js /home/coder/.vscode-oss/extensions/kube.42header-0.42.9/node_modules/moment/src/lib/utils/hooks.js
